<?xml version="1.0" encoding="UTF-8"?>
<testng-results skipped="0" failed="0" ignored="0" total="1" passed="1">
  <reporter-output>
  </reporter-output>
  <suite name="Default suite" duration-ms="22242" started-at="2021-06-25T16:01:05 BRT" finished-at="2021-06-25T16:01:27 BRT">
    <groups>
    </groups>
    <test name="Default test" duration-ms="22242" started-at="2021-06-25T16:01:05 BRT" finished-at="2021-06-25T16:01:27 BRT">
      <class name="br.com.leonardo.tests.CompraTest">
        <test-method status="PASS" signature="setupDriver()[pri:0, instance:br.com.leonardo.tests.CompraTest@c7045b9]" name="setupDriver" is-config="true" duration-ms="5372" started-at="2021-06-25T16:01:05 BRT" finished-at="2021-06-25T16:01:10 BRT">
          <reporter-output>
          </reporter-output>
        </test-method> <!-- setupDriver -->
        <test-method status="PASS" signature="testComprar()[pri:0, instance:br.com.leonardo.tests.CompraTest@c7045b9]" name="testComprar" duration-ms="16145" started-at="2021-06-25T16:01:10 BRT" finished-at="2021-06-25T16:01:26 BRT">
          <reporter-output>
          </reporter-output>
        </test-method> <!-- testComprar -->
        <test-method status="PASS" signature="quitDriver()[pri:0, instance:br.com.leonardo.tests.CompraTest@c7045b9]" name="quitDriver" is-config="true" duration-ms="688" started-at="2021-06-25T16:01:26 BRT" finished-at="2021-06-25T16:01:27 BRT">
          <reporter-output>
          </reporter-output>
        </test-method> <!-- quitDriver -->
      </class> <!-- br.com.leonardo.tests.CompraTest -->
    </test> <!-- Default test -->
  </suite> <!-- Default suite -->
</testng-results>
