<?xml version="1.0" encoding="UTF-8"?>
<testng-results skipped="0" failed="0" ignored="0" total="2" passed="2">
  <reporter-output>
  </reporter-output>
  <suite name="Suite" duration-ms="26060" started-at="2021-06-25T17:18:07 BRT" finished-at="2021-06-25T17:18:33 BRT">
    <groups>
    </groups>
    <test name="Test" duration-ms="26060" started-at="2021-06-25T17:18:07 BRT" finished-at="2021-06-25T17:18:33 BRT">
      <class name="br.com.leonardo.tests.UrlTest">
        <test-method status="PASS" signature="setup()[pri:0, instance:br.com.leonardo.tests.UrlTest@6950e31]" name="setup" is-config="true" duration-ms="537" started-at="2021-06-25T17:18:12 BRT" finished-at="2021-06-25T17:18:12 BRT">
          <reporter-output>
          </reporter-output>
        </test-method> <!-- setup -->
        <test-method status="PASS" signature="obterUrl()[pri:0, instance:br.com.leonardo.tests.UrlTest@6950e31]" name="obterUrl" duration-ms="2198" started-at="2021-06-25T17:18:12 BRT" finished-at="2021-06-25T17:18:14 BRT">
          <reporter-output>
          </reporter-output>
        </test-method> <!-- obterUrl -->
      </class> <!-- br.com.leonardo.tests.UrlTest -->
      <class name="br.com.leonardo.tests.CompraTest">
        <test-method status="PASS" signature="setupDriver()[pri:0, instance:br.com.leonardo.tests.CompraTest@6ee4d9ab]" name="setupDriver" is-config="true" duration-ms="4536" started-at="2021-06-25T17:18:07 BRT" finished-at="2021-06-25T17:18:12 BRT">
          <reporter-output>
          </reporter-output>
        </test-method> <!-- setupDriver -->
        <test-method status="PASS" signature="testComprar()[pri:0, instance:br.com.leonardo.tests.CompraTest@6ee4d9ab]" name="testComprar" duration-ms="18084" started-at="2021-06-25T17:18:14 BRT" finished-at="2021-06-25T17:18:32 BRT">
          <reporter-output>
          </reporter-output>
        </test-method> <!-- testComprar -->
        <test-method status="PASS" signature="quitDriver()[pri:0, instance:br.com.leonardo.tests.CompraTest@6ee4d9ab]" name="quitDriver" is-config="true" duration-ms="673" started-at="2021-06-25T17:18:32 BRT" finished-at="2021-06-25T17:18:33 BRT">
          <reporter-output>
          </reporter-output>
        </test-method> <!-- quitDriver -->
      </class> <!-- br.com.leonardo.tests.CompraTest -->
    </test> <!-- Test -->
  </suite> <!-- Suite -->
</testng-results>
